#
# There is insufficient memory for the Java Runtime Environment to continue.
# Native memory allocation (malloc) failed to allocate 483840 bytes for Chunk::new
# Possible reasons:
#   The system is out of physical RAM or swap space
#   The process is running with CompressedOops enabled, and the Java Heap may be blocking the growth of the native heap
# Possible solutions:
#   Reduce memory load on the system
#   Increase physical memory or swap space
#   Check if swap backing store is full
#   Decrease Java heap size (-Xmx/-Xms)
#   Decrease number of Java threads
#   Decrease Java thread stack sizes (-Xss)
#   Set larger code cache with -XX:ReservedCodeCacheSize=
#   JVM is running with Zero Based Compressed Oops mode in which the Java heap is
#     placed in the first 32GB address space. The Java Heap base address is the
#     maximum limit for the native heap growth. Please use -XX:HeapBaseMinAddress
#     to set the Java Heap base and to place the Java Heap above 32GB virtual address.
# This output file may be truncated or incomplete.
#
#  Out of Memory Error (arena.cpp:189), pid=25048, tid=28724
#
# JRE version: Java(TM) SE Runtime Environment (17.0.12+8) (build 17.0.12+8-LTS-286)
# Java VM: Java HotSpot(TM) 64-Bit Server VM (17.0.12+8-LTS-286, mixed mode, sharing, tiered, compressed oops, compressed class ptrs, g1 gc, windows-amd64)
# No core dump will be written. Minidumps are not enabled by default on client versions of Windows
#

---------------  S U M M A R Y ------------

Command Line: -ea -Didea.test.cyclic.buffer.size=1048576 -javaagent:C:\Program Files\JetBrains\IntelliJ IDEA Community Edition 2024.3\lib\idea_rt.jar=52749:C:\Program Files\JetBrains\IntelliJ IDEA Community Edition 2024.3\bin -javaagent:C:\Users\risha\AppData\Local\JetBrains\IdeaIC2024.3\captureAgent\debugger-agent.jar -Dkotlinx.coroutines.debug.enable.creation.stack.trace=false -Ddebugger.agent.enable.coroutines=true -Dkotlinx.coroutines.debug.enable.flows.stack.trace=true -Dkotlinx.coroutines.debug.enable.mutable.state.flows.stack.trace=true -Dfile.encoding=UTF-8 com.intellij.rt.testng.RemoteTestNGStarter -usedefaultlisteners false -socket52748 @w@C:\Users\risha\AppData\Local\Temp\idea_working_dirs_testng.tmp -temp C:\Users\risha\AppData\Local\Temp\idea_testng.tmp

Host: 13th Gen Intel(R) Core(TM) i7-13620H, 16 cores, 15G,  Windows 11 , 64 bit Build 22621 (10.0.22621.4391)
Time: Sun Dec 29 23:12:37 2024 India Standard Time elapsed time: 0.331785 seconds (0d 0h 0m 0s)

---------------  T H R E A D  ---------------

Current thread (0x0000022e9229d5b0):  JavaThread "C2 CompilerThread2" daemon [_thread_in_native, id=28724, stack(0x0000007f9cc00000,0x0000007f9cd00000)]


Current CompileTask:
C2:    331  918  s!   4       jdk.internal.loader.URLClassPath::getLoader (194 bytes)

Stack: [0x0000007f9cc00000,0x0000007f9cd00000]
Native frames: (J=compiled Java code, j=interpreted, Vv=VM code, C=native code)
V  [jvm.dll+0x67a04a]
V  [jvm.dll+0x7da4ed]
V  [jvm.dll+0x7dbe33]
V  [jvm.dll+0x7dc4a3]
V  [jvm.dll+0x24508f]
V  [jvm.dll+0xab773]
V  [jvm.dll+0xabd3c]
V  [jvm.dll+0x361bee]
V  [jvm.dll+0x32c431]
V  [jvm.dll+0x32b8ca]
V  [jvm.dll+0x21683f]
V  [jvm.dll+0x215c6f]
V  [jvm.dll+0x1a2960]
V  [jvm.dll+0x22610b]
V  [jvm.dll+0x2242ab]
V  [jvm.dll+0x79075c]
V  [jvm.dll+0x78abea]
V  [jvm.dll+0x678f35]
C  [ucrtbase.dll+0x29333]
C  [KERNEL32.DLL+0x1259d]
C  [ntdll.dll+0x5af38]


---------------  P R O C E S S  ---------------

Threads class SMR info:
_java_thread_list=0x0000022e920532e0, length=18, elements={
0x0000022e29527dc0, 0x0000022e4ca3e680, 0x0000022e92007670, 0x0000022e920194a0,
0x0000022e9201b070, 0x0000022e9201cc40, 0x0000022e9201f710, 0x0000022e920204b0,
0x0000022e9202d9a0, 0x0000022e920302c0, 0x0000022e4ca2ad50, 0x0000022e92265160,
0x0000022e9226afe0, 0x0000022e9226d9d0, 0x0000022e9229d5b0, 0x0000022e922bb9b0,
0x0000022e923d1060, 0x0000022e93145ca0
}

Java Threads: ( => current thread )
  0x0000022e29527dc0 JavaThread "main" [_thread_in_native, id=2360, stack(0x0000007f9b800000,0x0000007f9b900000)]
  0x0000022e4ca3e680 JavaThread "Reference Handler" daemon [_thread_blocked, id=7308, stack(0x0000007f9bf00000,0x0000007f9c000000)]
  0x0000022e92007670 JavaThread "Finalizer" daemon [_thread_blocked, id=14244, stack(0x0000007f9c000000,0x0000007f9c100000)]
  0x0000022e920194a0 JavaThread "Signal Dispatcher" daemon [_thread_blocked, id=27068, stack(0x0000007f9c100000,0x0000007f9c200000)]
  0x0000022e9201b070 JavaThread "Attach Listener" daemon [_thread_blocked, id=40388, stack(0x0000007f9c200000,0x0000007f9c300000)]
  0x0000022e9201cc40 JavaThread "Service Thread" daemon [_thread_blocked, id=18864, stack(0x0000007f9c300000,0x0000007f9c400000)]
  0x0000022e9201f710 JavaThread "Monitor Deflation Thread" daemon [_thread_blocked, id=40452, stack(0x0000007f9c400000,0x0000007f9c500000)]
  0x0000022e920204b0 JavaThread "C2 CompilerThread0" daemon [_thread_blocked, id=30568, stack(0x0000007f9c500000,0x0000007f9c600000)]
  0x0000022e9202d9a0 JavaThread "C1 CompilerThread0" daemon [_thread_blocked, id=40060, stack(0x0000007f9c600000,0x0000007f9c700000)]
  0x0000022e920302c0 JavaThread "Sweeper thread" daemon [_thread_blocked, id=23088, stack(0x0000007f9c700000,0x0000007f9c800000)]
  0x0000022e4ca2ad50 JavaThread "C1 CompilerThread1" daemon [_thread_blocked, id=14964, stack(0x0000007f9c800000,0x0000007f9c900000)]
  0x0000022e92265160 JavaThread "Common-Cleaner" daemon [_thread_blocked, id=11256, stack(0x0000007f9c900000,0x0000007f9ca00000)]
  0x0000022e9226afe0 JavaThread "C1 CompilerThread2" daemon [_thread_blocked, id=9900, stack(0x0000007f9ca00000,0x0000007f9cb00000)]
  0x0000022e9226d9d0 JavaThread "C2 CompilerThread1" daemon [_thread_blocked, id=28336, stack(0x0000007f9cb00000,0x0000007f9cc00000)]
=>0x0000022e9229d5b0 JavaThread "C2 CompilerThread2" daemon [_thread_in_native, id=28724, stack(0x0000007f9cc00000,0x0000007f9cd00000)]
  0x0000022e922bb9b0 JavaThread "Monitor Ctrl-Break" daemon [_thread_in_native, id=30024, stack(0x0000007f9cd00000,0x0000007f9ce00000)]
  0x0000022e923d1060 JavaThread "Notification Thread" daemon [_thread_blocked, id=34096, stack(0x0000007f9ce00000,0x0000007f9cf00000)]
  0x0000022e93145ca0 JavaThread "C2 CompilerThread3" daemon [_thread_blocked, id=14776, stack(0x0000007f9d000000,0x0000007f9d100000)]

Other Threads:
  0x0000022e4ca3daa0 VMThread "VM Thread" [stack: 0x0000007f9be00000,0x0000007f9bf00000] [id=7264]
  0x0000022e9231b450 WatcherThread [stack: 0x0000007f9cf00000,0x0000007f9d000000] [id=37100]
  0x0000022e29594ae0 GCTaskThread "GC Thread#0" [stack: 0x0000007f9b900000,0x0000007f9ba00000] [id=37776]
  0x0000022e295a5580 ConcurrentGCThread "G1 Main Marker" [stack: 0x0000007f9ba00000,0x0000007f9bb00000] [id=28356]
  0x0000022e295a6fa0 ConcurrentGCThread "G1 Conc#0" [stack: 0x0000007f9bb00000,0x0000007f9bc00000] [id=40724]
  0x0000022e295de9f0 ConcurrentGCThread "G1 Refine#0" [stack: 0x0000007f9bc00000,0x0000007f9bd00000] [id=27828]
  0x0000022e4c8fb7c0 ConcurrentGCThread "G1 Service" [stack: 0x0000007f9bd00000,0x0000007f9be00000] [id=39244]

Threads with active compile tasks:
C2 CompilerThread2      345  918  s!   4       jdk.internal.loader.URLClassPath::getLoader (194 bytes)

VM state: not at safepoint (normal execution)

VM Mutex/Monitor currently owned by a thread: None

Heap address: 0x0000000704a00000, size: 4022 MB, Compressed Oops mode: Zero based, Oop shift amount: 3

CDS archive(s) mapped at: [0x0000022e4d000000-0x0000022e4dbd0000-0x0000022e4dbd0000), size 12386304, SharedBaseAddress: 0x0000022e4d000000, ArchiveRelocationMode: 1.
Compressed class space mapped at: 0x0000022e4e000000-0x0000022e8e000000, reserved size: 1073741824
Narrow klass base: 0x0000022e4d000000, Narrow klass shift: 0, Narrow klass range: 0x100000000

GC Precious Log:
 CPUs: 16 total, 16 available
 Memory: 16087M
 Large Page Support: Disabled
 NUMA Support: Disabled
 Compressed Oops: Enabled (Zero based)
 Heap Region Size: 2M
 Heap Min Capacity: 8M
 Heap Initial Capacity: 252M
 Heap Max Capacity: 4022M
 Pre-touch: Disabled
 Parallel Workers: 13
 Concurrent Workers: 3
 Concurrent Refinement Workers: 13
 Periodic GC: Disabled

Heap:
 garbage-first heap   total 258048K, used 14336K [0x0000000704a00000, 0x0000000800000000)
  region size 2048K, 9 young (18432K), 0 survivors (0K)
 Metaspace       used 6253K, committed 6400K, reserved 1114112K
  class space    used 614K, committed 704K, reserved 1048576K

Heap Regions: E=young(eden), S=young(survivor), O=old, HS=humongous(starts), HC=humongous(continues), CS=collection set, F=free, OA=open archive, CA=closed archive, TAMS=top-at-mark-start (previous, next)
|   0|0x0000000704a00000, 0x0000000704a00000, 0x0000000704c00000|  0%| F|  |TAMS 0x0000000704a00000, 0x0000000704a00000| Untracked 
|   1|0x0000000704c00000, 0x0000000704c00000, 0x0000000704e00000|  0%| F|  |TAMS 0x0000000704c00000, 0x0000000704c00000| Untracked 
|   2|0x0000000704e00000, 0x0000000704e00000, 0x0000000705000000|  0%| F|  |TAMS 0x0000000704e00000, 0x0000000704e00000| Untracked 
|   3|0x0000000705000000, 0x0000000705000000, 0x0000000705200000|  0%| F|  |TAMS 0x0000000705000000, 0x0000000705000000| Untracked 
|   4|0x0000000705200000, 0x0000000705200000, 0x0000000705400000|  0%| F|  |TAMS 0x0000000705200000, 0x0000000705200000| Untracked 
|   5|0x0000000705400000, 0x0000000705400000, 0x0000000705600000|  0%| F|  |TAMS 0x0000000705400000, 0x0000000705400000| Untracked 
|   6|0x0000000705600000, 0x0000000705600000, 0x0000000705800000|  0%| F|  |TAMS 0x0000000705600000, 0x0000000705600000| Untracked 
|   7|0x0000000705800000, 0x0000000705800000, 0x0000000705a00000|  0%| F|  |TAMS 0x0000000705800000, 0x0000000705800000| Untracked 
|   8|0x0000000705a00000, 0x0000000705a00000, 0x0000000705c00000|  0%| F|  |TAMS 0x0000000705a00000, 0x0000000705a00000| Untracked 
|   9|0x0000000705c00000, 0x0000000705c00000, 0x0000000705e00000|  0%| F|  |TAMS 0x0000000705c00000, 0x0000000705c00000| Untracked 
|  10|0x0000000705e00000, 0x0000000705e00000, 0x0000000706000000|  0%| F|  |TAMS 0x0000000705e00000, 0x0000000705e00000| Untracked 
|  11|0x0000000706000000, 0x0000000706000000, 0x0000000706200000|  0%| F|  |TAMS 0x0000000706000000, 0x0000000706000000| Untracked 
|  12|0x0000000706200000, 0x0000000706200000, 0x0000000706400000|  0%| F|  |TAMS 0x0000000706200000, 0x0000000706200000| Untracked 
|  13|0x0000000706400000, 0x0000000706400000, 0x0000000706600000|  0%| F|  |TAMS 0x0000000706400000, 0x0000000706400000| Untracked 
|  14|0x0000000706600000, 0x0000000706600000, 0x0000000706800000|  0%| F|  |TAMS 0x0000000706600000, 0x0000000706600000| Untracked 
|  15|0x0000000706800000, 0x0000000706800000, 0x0000000706a00000|  0%| F|  |TAMS 0x0000000706800000, 0x0000000706800000| Untracked 
|  16|0x0000000706a00000, 0x0000000706a00000, 0x0000000706c00000|  0%| F|  |TAMS 0x0000000706a00000, 0x0000000706a00000| Untracked 
|  17|0x0000000706c00000, 0x0000000706c00000, 0x0000000706e00000|  0%| F|  |TAMS 0x0000000706c00000, 0x0000000706c00000| Untracked 
|  18|0x0000000706e00000, 0x0000000706e00000, 0x0000000707000000|  0%| F|  |TAMS 0x0000000706e00000, 0x0000000706e00000| Untracked 
|  19|0x0000000707000000, 0x0000000707000000, 0x0000000707200000|  0%| F|  |TAMS 0x0000000707000000, 0x0000000707000000| Untracked 
|  20|0x0000000707200000, 0x0000000707200000, 0x0000000707400000|  0%| F|  |TAMS 0x0000000707200000, 0x0000000707200000| Untracked 
|  21|0x0000000707400000, 0x0000000707400000, 0x0000000707600000|  0%| F|  |TAMS 0x0000000707400000, 0x0000000707400000| Untracked 
|  22|0x0000000707600000, 0x0000000707600000, 0x0000000707800000|  0%| F|  |TAMS 0x0000000707600000, 0x0000000707600000| Untracked 
|  23|0x0000000707800000, 0x0000000707800000, 0x0000000707a00000|  0%| F|  |TAMS 0x0000000707800000, 0x0000000707800000| Untracked 
|  24|0x0000000707a00000, 0x0000000707a00000, 0x0000000707c00000|  0%| F|  |TAMS 0x0000000707a00000, 0x0000000707a00000| Untracked 
|  25|0x0000000707c00000, 0x0000000707c00000, 0x0000000707e00000|  0%| F|  |TAMS 0x0000000707c00000, 0x0000000707c00000| Untracked 
|  26|0x0000000707e00000, 0x0000000707e00000, 0x0000000708000000|  0%| F|  |TAMS 0x0000000707e00000, 0x0000000707e00000| Untracked 
|  27|0x0000000708000000, 0x0000000708000000, 0x0000000708200000|  0%| F|  |TAMS 0x0000000708000000, 0x0000000708000000| Untracked 
|  28|0x0000000708200000, 0x0000000708200000, 0x0000000708400000|  0%| F|  |TAMS 0x0000000708200000, 0x0000000708200000| Untracked 
|  29|0x0000000708400000, 0x0000000708400000, 0x0000000708600000|  0%| F|  |TAMS 0x0000000708400000, 0x0000000708400000| Untracked 
|  30|0x0000000708600000, 0x0000000708600000, 0x0000000708800000|  0%| F|  |TAMS 0x0000000708600000, 0x0000000708600000| Untracked 
|  31|0x0000000708800000, 0x0000000708800000, 0x0000000708a00000|  0%| F|  |TAMS 0x0000000708800000, 0x0000000708800000| Untracked 
|  32|0x0000000708a00000, 0x0000000708a00000, 0x0000000708c00000|  0%| F|  |TAMS 0x0000000708a00000, 0x0000000708a00000| Untracked 
|  33|0x0000000708c00000, 0x0000000708c00000, 0x0000000708e00000|  0%| F|  |TAMS 0x0000000708c00000, 0x0000000708c00000| Untracked 
|  34|0x0000000708e00000, 0x0000000708e00000, 0x0000000709000000|  0%| F|  |TAMS 0x0000000708e00000, 0x0000000708e00000| Untracked 
|  35|0x0000000709000000, 0x0000000709000000, 0x0000000709200000|  0%| F|  |TAMS 0x0000000709000000, 0x0000000709000000| Untracked 
|  36|0x0000000709200000, 0x0000000709200000, 0x0000000709400000|  0%| F|  |TAMS 0x0000000709200000, 0x0000000709200000| Untracked 
|  37|0x0000000709400000, 0x0000000709400000, 0x0000000709600000|  0%| F|  |TAMS 0x0000000709400000, 0x0000000709400000| Untracked 
|  38|0x0000000709600000, 0x0000000709600000, 0x0000000709800000|  0%| F|  |TAMS 0x0000000709600000, 0x0000000709600000| Untracked 
|  39|0x0000000709800000, 0x0000000709800000, 0x0000000709a00000|  0%| F|  |TAMS 0x0000000709800000, 0x0000000709800000| Untracked 
|  40|0x0000000709a00000, 0x0000000709a00000, 0x0000000709c00000|  0%| F|  |TAMS 0x0000000709a00000, 0x0000000709a00000| Untracked 
|  41|0x0000000709c00000, 0x0000000709c00000, 0x0000000709e00000|  0%| F|  |TAMS 0x0000000709c00000, 0x0000000709c00000| Untracked 
|  42|0x0000000709e00000, 0x0000000709e00000, 0x000000070a000000|  0%| F|  |TAMS 0x0000000709e00000, 0x0000000709e00000| Untracked 
|  43|0x000000070a000000, 0x000000070a000000, 0x000000070a200000|  0%| F|  |TAMS 0x000000070a000000, 0x000000070a000000| Untracked 
|  44|0x000000070a200000, 0x000000070a200000, 0x000000070a400000|  0%| F|  |TAMS 0x000000070a200000, 0x000000070a200000| Untracked 
|  45|0x000000070a400000, 0x000000070a400000, 0x000000070a600000|  0%| F|  |TAMS 0x000000070a400000, 0x000000070a400000| Untracked 
|  46|0x000000070a600000, 0x000000070a600000, 0x000000070a800000|  0%| F|  |TAMS 0x000000070a600000, 0x000000070a600000| Untracked 
|  47|0x000000070a800000, 0x000000070a800000, 0x000000070aa00000|  0%| F|  |TAMS 0x000000070a800000, 0x000000070a800000| Untracked 
|  48|0x000000070aa00000, 0x000000070aa00000, 0x000000070ac00000|  0%| F|  |TAMS 0x000000070aa00000, 0x000000070aa00000| Untracked 
|  49|0x000000070ac00000, 0x000000070ac00000, 0x000000070ae00000|  0%| F|  |TAMS 0x000000070ac00000, 0x000000070ac00000| Untracked 
|  50|0x000000070ae00000, 0x000000070ae00000, 0x000000070b000000|  0%| F|  |TAMS 0x000000070ae00000, 0x000000070ae00000| Untracked 
|  51|0x000000070b000000, 0x000000070b000000, 0x000000070b200000|  0%| F|  |TAMS 0x000000070b000000, 0x000000070b000000| Untracked 
|  52|0x000000070b200000, 0x000000070b200000, 0x000000070b400000|  0%| F|  |TAMS 0x000000070b200000, 0x000000070b200000| Untracked 
|  53|0x000000070b400000, 0x000000070b400000, 0x000000070b600000|  0%| F|  |TAMS 0x000000070b400000, 0x000000070b400000| Untracked 
|  54|0x000000070b600000, 0x000000070b600000, 0x000000070b800000|  0%| F|  |TAMS 0x000000070b600000, 0x000000070b600000| Untracked 
|  55|0x000000070b800000, 0x000000070b800000, 0x000000070ba00000|  0%| F|  |TAMS 0x000000070b800000, 0x000000070b800000| Untracked 
|  56|0x000000070ba00000, 0x000000070ba00000, 0x000000070bc00000|  0%| F|  |TAMS 0x000000070ba00000, 0x000000070ba00000| Untracked 
|  57|0x000000070bc00000, 0x000000070bc00000, 0x000000070be00000|  0%| F|  |TAMS 0x000000070bc00000, 0x000000070bc00000| Untracked 
|  58|0x000000070be00000, 0x000000070be00000, 0x000000070c000000|  0%| F|  |TAMS 0x000000070be00000, 0x000000070be00000| Untracked 
|  59|0x000000070c000000, 0x000000070c000000, 0x000000070c200000|  0%| F|  |TAMS 0x000000070c000000, 0x000000070c000000| Untracked 
|  60|0x000000070c200000, 0x000000070c200000, 0x000000070c400000|  0%| F|  |TAMS 0x000000070c200000, 0x000000070c200000| Untracked 
|  61|0x000000070c400000, 0x000000070c400000, 0x000000070c600000|  0%| F|  |TAMS 0x000000070c400000, 0x000000070c400000| Untracked 
|  62|0x000000070c600000, 0x000000070c600000, 0x000000070c800000|  0%| F|  |TAMS 0x000000070c600000, 0x000000070c600000| Untracked 
|  63|0x000000070c800000, 0x000000070c800000, 0x000000070ca00000|  0%| F|  |TAMS 0x000000070c800000, 0x000000070c800000| Untracked 
|  64|0x000000070ca00000, 0x000000070ca00000, 0x000000070cc00000|  0%| F|  |TAMS 0x000000070ca00000, 0x000000070ca00000| Untracked 
|  65|0x000000070cc00000, 0x000000070cc00000, 0x000000070ce00000|  0%| F|  |TAMS 0x000000070cc00000, 0x000000070cc00000| Untracked 
|  66|0x000000070ce00000, 0x000000070ce00000, 0x000000070d000000|  0%| F|  |TAMS 0x000000070ce00000, 0x000000070ce00000| Untracked 
|  67|0x000000070d000000, 0x000000070d000000, 0x000000070d200000|  0%| F|  |TAMS 0x000000070d000000, 0x000000070d000000| Untracked 
|  68|0x000000070d200000, 0x000000070d200000, 0x000000070d400000|  0%| F|  |TAMS 0x000000070d200000, 0x000000070d200000| Untracked 
|  69|0x000000070d400000, 0x000000070d400000, 0x000000070d600000|  0%| F|  |TAMS 0x000000070d400000, 0x000000070d400000| Untracked 
|  70|0x000000070d600000, 0x000000070d600000, 0x000000070d800000|  0%| F|  |TAMS 0x000000070d600000, 0x000000070d600000| Untracked 
|  71|0x000000070d800000, 0x000000070d800000, 0x000000070da00000|  0%| F|  |TAMS 0x000000070d800000, 0x000000070d800000| Untracked 
|  72|0x000000070da00000, 0x000000070da00000, 0x000000070dc00000|  0%| F|  |TAMS 0x000000070da00000, 0x000000070da00000| Untracked 
|  73|0x000000070dc00000, 0x000000070dc00000, 0x000000070de00000|  0%| F|  |TAMS 0x000000070dc00000, 0x000000070dc00000| Untracked 
|  74|0x000000070de00000, 0x000000070de00000, 0x000000070e000000|  0%| F|  |TAMS 0x000000070de00000, 0x000000070de00000| Untracked 
|  75|0x000000070e000000, 0x000000070e000000, 0x000000070e200000|  0%| F|  |TAMS 0x000000070e000000, 0x000000070e000000| Untracked 
|  76|0x000000070e200000, 0x000000070e200000, 0x000000070e400000|  0%| F|  |TAMS 0x000000070e200000, 0x000000070e200000| Untracked 
|  77|0x000000070e400000, 0x000000070e400000, 0x000000070e600000|  0%| F|  |TAMS 0x000000070e400000, 0x000000070e400000| Untracked 
|  78|0x000000070e600000, 0x000000070e600000, 0x000000070e800000|  0%| F|  |TAMS 0x000000070e600000, 0x000000070e600000| Untracked 
|  79|0x000000070e800000, 0x000000070e800000, 0x000000070ea00000|  0%| F|  |TAMS 0x000000070e800000, 0x000000070e800000| Untracked 
|  80|0x000000070ea00000, 0x000000070ea00000, 0x000000070ec00000|  0%| F|  |TAMS 0x000000070ea00000, 0x000000070ea00000| Untracked 
|  81|0x000000070ec00000, 0x000000070ec00000, 0x000000070ee00000|  0%| F|  |TAMS 0x000000070ec00000, 0x000000070ec00000| Untracked 
|  82|0x000000070ee00000, 0x000000070ee00000, 0x000000070f000000|  0%| F|  |TAMS 0x000000070ee00000, 0x000000070ee00000| Untracked 
|  83|0x000000070f000000, 0x000000070f000000, 0x000000070f200000|  0%| F|  |TAMS 0x000000070f000000, 0x000000070f000000| Untracked 
|  84|0x000000070f200000, 0x000000070f200000, 0x000000070f400000|  0%| F|  |TAMS 0x000000070f200000, 0x000000070f200000| Untracked 
|  85|0x000000070f400000, 0x000000070f400000, 0x000000070f600000|  0%| F|  |TAMS 0x000000070f400000, 0x000000070f400000| Untracked 
|  86|0x000000070f600000, 0x000000070f600000, 0x000000070f800000|  0%| F|  |TAMS 0x000000070f600000, 0x000000070f600000| Untracked 
|  87|0x000000070f800000, 0x000000070f800000, 0x000000070fa00000|  0%| F|  |TAMS 0x000000070f800000, 0x000000070f800000| Untracked 
|  88|0x000000070fa00000, 0x000000070fa00000, 0x000000070fc00000|  0%| F|  |TAMS 0x000000070fa00000, 0x000000070fa00000| Untracked 
|  89|0x000000070fc00000, 0x000000070fc00000, 0x000000070fe00000|  0%| F|  |TAMS 0x000000070fc00000, 0x000000070fc00000| Untracked 
|  90|0x000000070fe00000, 0x000000070fe00000, 0x0000000710000000|  0%| F|  |TAMS 0x000000070fe00000, 0x000000070fe00000| Untracked 
|  91|0x0000000710000000, 0x0000000710000000, 0x0000000710200000|  0%| F|  |TAMS 0x0000000710000000, 0x0000000710000000| Untracked 
|  92|0x0000000710200000, 0x0000000710200000, 0x0000000710400000|  0%| F|  |TAMS 0x0000000710200000, 0x0000000710200000| Untracked 
|  93|0x0000000710400000, 0x0000000710400000, 0x0000000710600000|  0%| F|  |TAMS 0x0000000710400000, 0x0000000710400000| Untracked 
|  94|0x0000000710600000, 0x0000000710600000, 0x0000000710800000|  0%| F|  |TAMS 0x0000000710600000, 0x0000000710600000| Untracked 
|  95|0x0000000710800000, 0x0000000710800000, 0x0000000710a00000|  0%| F|  |TAMS 0x0000000710800000, 0x0000000710800000| Untracked 
|  96|0x0000000710a00000, 0x0000000710a00000, 0x0000000710c00000|  0%| F|  |TAMS 0x0000000710a00000, 0x0000000710a00000| Untracked 
|  97|0x0000000710c00000, 0x0000000710c00000, 0x0000000710e00000|  0%| F|  |TAMS 0x0000000710c00000, 0x0000000710c00000| Untracked 
|  98|0x0000000710e00000, 0x0000000710e00000, 0x0000000711000000|  0%| F|  |TAMS 0x0000000710e00000, 0x0000000710e00000| Untracked 
|  99|0x0000000711000000, 0x0000000711000000, 0x0000000711200000|  0%| F|  |TAMS 0x0000000711000000, 0x0000000711000000| Untracked 
| 100|0x0000000711200000, 0x0000000711200000, 0x0000000711400000|  0%| F|  |TAMS 0x0000000711200000, 0x0000000711200000| Untracked 
| 101|0x0000000711400000, 0x0000000711400000, 0x0000000711600000|  0%| F|  |TAMS 0x0000000711400000, 0x0000000711400000| Untracked 
| 102|0x0000000711600000, 0x0000000711600000, 0x0000000711800000|  0%| F|  |TAMS 0x0000000711600000, 0x0000000711600000| Untracked 
| 103|0x0000000711800000, 0x0000000711800000, 0x0000000711a00000|  0%| F|  |TAMS 0x0000000711800000, 0x0000000711800000| Untracked 
| 104|0x0000000711a00000, 0x0000000711a00000, 0x0000000711c00000|  0%| F|  |TAMS 0x0000000711a00000, 0x0000000711a00000| Untracked 
| 105|0x0000000711c00000, 0x0000000711c00000, 0x0000000711e00000|  0%| F|  |TAMS 0x0000000711c00000, 0x0000000711c00000| Untracked 
| 106|0x0000000711e00000, 0x0000000711e00000, 0x0000000712000000|  0%| F|  |TAMS 0x0000000711e00000, 0x0000000711e00000| Untracked 
| 107|0x0000000712000000, 0x0000000712000000, 0x0000000712200000|  0%| F|  |TAMS 0x0000000712000000, 0x0000000712000000| Untracked 
| 108|0x0000000712200000, 0x0000000712200000, 0x0000000712400000|  0%| F|  |TAMS 0x0000000712200000, 0x0000000712200000| Untracked 
| 109|0x0000000712400000, 0x0000000712400000, 0x0000000712600000|  0%| F|  |TAMS 0x0000000712400000, 0x0000000712400000| Untracked 
| 110|0x0000000712600000, 0x0000000712600000, 0x0000000712800000|  0%| F|  |TAMS 0x0000000712600000, 0x0000000712600000| Untracked 
| 111|0x0000000712800000, 0x0000000712800000, 0x0000000712a00000|  0%| F|  |TAMS 0x0000000712800000, 0x0000000712800000| Untracked 
| 112|0x0000000712a00000, 0x0000000712a00000, 0x0000000712c00000|  0%| F|  |TAMS 0x0000000712a00000, 0x0000000712a00000| Untracked 
| 113|0x0000000712c00000, 0x0000000712c00000, 0x0000000712e00000|  0%| F|  |TAMS 0x0000000712c00000, 0x0000000712c00000| Untracked 
| 114|0x0000000712e00000, 0x0000000712e00000, 0x0000000713000000|  0%| F|  |TAMS 0x0000000712e00000, 0x0000000712e00000| Untracked 
| 115|0x0000000713000000, 0x0000000713000000, 0x0000000713200000|  0%| F|  |TAMS 0x0000000713000000, 0x0000000713000000| Untracked 
| 116|0x0000000713200000, 0x0000000713200000, 0x0000000713400000|  0%| F|  |TAMS 0x0000000713200000, 0x0000000713200000| Untracked 
| 117|0x0000000713400000, 0x00000007135c9a38, 0x0000000713600000| 89%| E|  |TAMS 0x0000000713400000, 0x0000000713400000| Complete 
| 118|0x0000000713600000, 0x0000000713800000, 0x0000000713800000|100%| E|CS|TAMS 0x0000000713600000, 0x0000000713600000| Complete 
| 119|0x0000000713800000, 0x0000000713a00000, 0x0000000713a00000|100%| E|CS|TAMS 0x0000000713800000, 0x0000000713800000| Complete 
| 120|0x0000000713a00000, 0x0000000713c00000, 0x0000000713c00000|100%| E|CS|TAMS 0x0000000713a00000, 0x0000000713a00000| Complete 
| 121|0x0000000713c00000, 0x0000000713e00000, 0x0000000713e00000|100%| E|  |TAMS 0x0000000713c00000, 0x0000000713c00000| Complete 
| 122|0x0000000713e00000, 0x0000000714000000, 0x0000000714000000|100%| E|CS|TAMS 0x0000000713e00000, 0x0000000713e00000| Complete 
| 123|0x0000000714000000, 0x0000000714200000, 0x0000000714200000|100%| E|CS|TAMS 0x0000000714000000, 0x0000000714000000| Complete 
| 124|0x0000000714200000, 0x0000000714400000, 0x0000000714400000|100%| E|CS|TAMS 0x0000000714200000, 0x0000000714200000| Complete 
| 125|0x0000000714400000, 0x0000000714600000, 0x0000000714600000|100%| E|CS|TAMS 0x0000000714400000, 0x0000000714400000| Complete 

Card table byte_map: [0x0000022e40e40000,0x0000022e41620000] _byte_map_base: 0x0000022e3d61b000

Marking Bits (Prev, Next): (CMBitMap*) 0x0000022e29595100, (CMBitMap*) 0x0000022e29595140
 Prev Bits: [0x0000022e41e00000, 0x0000022e45cd8000)
 Next Bits: [0x0000022e45ce0000, 0x0000022e49bb8000)

Polling page: 0x0000022e27510000

Metaspace:

Usage:
  Non-class:      5.51 MB used.
      Class:    614.30 KB used.
       Both:      6.11 MB used.

Virtual space:
  Non-class space:       64.00 MB reserved,       5.56 MB (  9%) committed,  1 nodes.
      Class space:        1.00 GB reserved,     704.00 KB ( <1%) committed,  1 nodes.
             Both:        1.06 GB reserved,       6.25 MB ( <1%) committed. 

Chunk freelists:
   Non-Class:  10.28 MB
       Class:  15.25 MB
        Both:  25.53 MB

MaxMetaspaceSize: unlimited
CompressedClassSpaceSize: 1.00 GB
Initial GC threshold: 21.00 MB
Current GC threshold: 21.00 MB
CDS: on
MetaspaceReclaimPolicy: balanced
 - commit_granule_bytes: 65536.
 - commit_granule_words: 8192.
 - virtual_space_node_default_size: 8388608.
 - enlarge_chunks_in_place: 1.
 - new_chunks_are_fully_committed: 0.
 - uncommit_free_chunks: 1.
 - use_allocation_guard: 0.
 - handle_deallocations: 1.


Internal statistics:

num_allocs_failed_limit: 0.
num_arena_births: 48.
num_arena_deaths: 0.
num_vsnodes_births: 2.
num_vsnodes_deaths: 0.
num_space_committed: 100.
num_space_uncommitted: 0.
num_chunks_returned_to_freelist: 0.
num_chunks_taken_from_freelist: 100.
num_chunk_merges: 0.
num_chunk_splits: 63.
num_chunks_enlarged: 43.
num_inconsistent_stats: 0.

CodeHeap 'non-profiled nmethods': size=119168Kb used=372Kb max_used=372Kb free=118795Kb
 bounds [0x0000022e38970000, 0x0000022e38be0000, 0x0000022e3fdd0000]
CodeHeap 'profiled nmethods': size=119104Kb used=1802Kb max_used=1802Kb free=117301Kb
 bounds [0x0000022e30dd0000, 0x0000022e31040000, 0x0000022e38220000]
CodeHeap 'non-nmethods': size=7488Kb used=2274Kb max_used=2303Kb free=5213Kb
 bounds [0x0000022e38220000, 0x0000022e38490000, 0x0000022e38970000]
 total_blobs=1446 nmethods=1010 adapters=347
 compilation: enabled
              stopped_count=0, restarted_count=0
 full_count=0

Compilation events (20 events):
Event: 0.321 Thread 0x0000022e4ca2ad50 nmethod 962 0x0000022e30f76010 code [0x0000022e30f76220, 0x0000022e30f76858]
Event: 0.321 Thread 0x0000022e9226afe0 nmethod 967 0x0000022e30f76b10 code [0x0000022e30f76cc0, 0x0000022e30f76f78]
Event: 0.321 Thread 0x0000022e4ca2ad50  968       3       com.sun.org.apache.xerces.internal.impl.dtd.DTDGrammar::getAttributeDecl (173 bytes)
Event: 0.321 Thread 0x0000022e9226afe0  969       3       com.sun.org.apache.xerces.internal.impl.dtd.XMLSimpleType::setValues (82 bytes)
Event: 0.321 Thread 0x0000022e9202d9a0  970       3       com.sun.org.apache.xerces.internal.impl.dtd.DTDGrammar::getNextAttributeDeclIndex (20 bytes)
Event: 0.322 Thread 0x0000022e93145ca0 nmethod 931 0x0000022e389c6590 code [0x0000022e389c67a0, 0x0000022e389c7570]
Event: 0.322 Thread 0x0000022e9202d9a0 nmethod 970 0x0000022e30f77090 code [0x0000022e30f77220, 0x0000022e30f77398]
Event: 0.322 Thread 0x0000022e9202d9a0  972       3       java.io.WinNTFileSystem::normalize (143 bytes)
Event: 0.322 Thread 0x0000022e9226afe0 nmethod 969 0x0000022e30f77510 code [0x0000022e30f776e0, 0x0000022e30f77c28]
Event: 0.322 Thread 0x0000022e9226afe0  973       3       java.lang.Enum::<init> (15 bytes)
Event: 0.322 Thread 0x0000022e4ca2ad50 nmethod 968 0x0000022e30f77d90 code [0x0000022e30f77fc0, 0x0000022e30f787a8]
Event: 0.322 Thread 0x0000022e93145ca0  971       4       java.lang.StringLatin1::indexOf (121 bytes)
Event: 0.322 Thread 0x0000022e9226afe0 nmethod 973 0x0000022e30f78d10 code [0x0000022e30f78ea0, 0x0000022e30f79078]
Event: 0.323 Thread 0x0000022e9202d9a0 nmethod 972 0x0000022e30f79110 code [0x0000022e30f793a0, 0x0000022e30f79f78]
Event: 0.326 Thread 0x0000022e93145ca0 nmethod 971 0x0000022e389c7b90 code [0x0000022e389c7d20, 0x0000022e389c8038]
Event: 0.327 Thread 0x0000022e93145ca0  947 %     4       java.lang.StringUTF16::compress @ 3 (50 bytes)
Event: 0.327 Thread 0x0000022e920204b0 

Event: 0.328 Thread 0x0000022e920204b0  953       4       java.lang.StringLatin1::toLowerCase (186 bytes)
Event: 0.330 Thread 0x0000022e9202d9a0  974       1       java.lang.Enum::name (5 bytes)
Event: 0.330 Thread 0x0000022e9202d9a0 nmethod 974 0x0000022e389c8290 code [0x0000022e389c8420, 0x0000022e389c84f8]

GC Heap History (0 events):
No events

Deoptimization events (20 events):
Event: 0.212 Thread 0x0000022e29527dc0 DEOPT PACKING pc=0x0000022e30ddfa65 sp=0x0000007f9b8fe370
Event: 0.212 Thread 0x0000022e29527dc0 DEOPT UNPACKING pc=0x0000022e38272b43 sp=0x0000007f9b8fd7c0 mode 0
Event: 0.215 Thread 0x0000022e29527dc0 DEOPT PACKING pc=0x0000022e30ddfa65 sp=0x0000007f9b8fe320
Event: 0.215 Thread 0x0000022e29527dc0 DEOPT UNPACKING pc=0x0000022e38272b43 sp=0x0000007f9b8fd770 mode 0
Event: 0.218 Thread 0x0000022e29527dc0 DEOPT PACKING pc=0x0000022e30ddfa65 sp=0x0000007f9b8fe6c0
Event: 0.218 Thread 0x0000022e29527dc0 DEOPT UNPACKING pc=0x0000022e38272b43 sp=0x0000007f9b8fdb10 mode 0
Event: 0.223 Thread 0x0000022e29527dc0 DEOPT PACKING pc=0x0000022e30ddfa65 sp=0x0000007f9b8fb2b0
Event: 0.223 Thread 0x0000022e29527dc0 DEOPT UNPACKING pc=0x0000022e38272b43 sp=0x0000007f9b8fa700 mode 0
Event: 0.227 Thread 0x0000022e29527dc0 DEOPT PACKING pc=0x0000022e30ddfa65 sp=0x0000007f9b8fe0e0
Event: 0.227 Thread 0x0000022e29527dc0 DEOPT UNPACKING pc=0x0000022e38272b43 sp=0x0000007f9b8fd530 mode 0
Event: 0.306 Thread 0x0000022e29527dc0 DEOPT PACKING pc=0x0000022e30ddd6be sp=0x0000007f9b8fcc60
Event: 0.306 Thread 0x0000022e29527dc0 DEOPT UNPACKING pc=0x0000022e38272b43 sp=0x0000007f9b8fc100 mode 0
Event: 0.309 Thread 0x0000022e29527dc0 Uncommon trap: trap_request=0xffffff45 fr.pc=0x0000022e389a4614 relative=0x0000000000001694
Event: 0.309 Thread 0x0000022e29527dc0 Uncommon trap: reason=unstable_if action=reinterpret pc=0x0000022e389a4614 method=java.io.WinNTFileSystem.normalize(Ljava/lang/String;)Ljava/lang/String; @ 40 c2
Event: 0.309 Thread 0x0000022e29527dc0 DEOPT PACKING pc=0x0000022e389a4614 sp=0x0000007f9b8fe240
Event: 0.309 Thread 0x0000022e29527dc0 DEOPT UNPACKING pc=0x0000022e382723a3 sp=0x0000007f9b8fe218 mode 2
Event: 0.318 Thread 0x0000022e29527dc0 Uncommon trap: trap_request=0xffffff6e fr.pc=0x0000022e3899b8a8 relative=0x0000000000000408
Event: 0.318 Thread 0x0000022e29527dc0 Uncommon trap: reason=loop_limit_check action=maybe_recompile pc=0x0000022e3899b8a8 method=java.lang.StringLatin1.indexOf([BI[BII)I @ 37 c2
Event: 0.318 Thread 0x0000022e29527dc0 DEOPT PACKING pc=0x0000022e3899b8a8 sp=0x0000007f9b8fe510
Event: 0.318 Thread 0x0000022e29527dc0 DEOPT UNPACKING pc=0x0000022e382723a3 sp=0x0000007f9b8fe470 mode 2

Classes unloaded (0 events):
No events

Classes redefined (1 events):
Event: 0.104 Thread 0x0000022e4ca3daa0 redefined class name=java.lang.Throwable, count=1

Internal exceptions (7 events):
Event: 0.098 Thread 0x0000022e922bb9b0 Exception <a 'java/lang/NoSuchMethodError'{0x00000007142feb78}: 'java.lang.Object java.lang.invoke.DirectMethodHandle$Holder.invokeStaticInit(java.lang.Object)'> (0x00000007142feb78) 
thrown [s\open\src\hotspot\share\interpreter\linkResolver.cpp, line 759]
Event: 0.103 Thread 0x0000022e922bb9b0 Exception <a 'java/lang/NoSuchMethodError'{0x000000071433e820}: 'void java.lang.invoke.DirectMethodHandle$Holder.invokeStatic(java.lang.Object, java.lang.Object)'> (0x000000071433e820) 
thrown [s\open\src\hotspot\share\interpreter\linkResolver.cpp, line 759]
Event: 0.194 Thread 0x0000022e29527dc0 Exception <a 'java/lang/NoClassDefFoundError'{0x0000000713b05178}: org/slf4j/impl/StaticLoggerBinder> (0x0000000713b05178) 
thrown [s\open\src\hotspot\share\classfile\systemDictionary.cpp, line 245]
Event: 0.205 Thread 0x0000022e29527dc0 Exception <a 'java/lang/NoSuchMethodError'{0x0000000713bafec0}: 'int java.lang.invoke.DirectMethodHandle$Holder.invokeStaticInit(java.lang.Object, java.lang.Object)'> (0x0000000713bafec0) 
thrown [s\open\src\hotspot\share\interpreter\linkResolver.cpp, line 759]
Event: 0.267 Thread 0x0000022e29527dc0 Exception <a 'java/lang/NoSuchMethodError'{0x000000071360a3d8}: 'void java.lang.invoke.DirectMethodHandle$Holder.invokeSpecial(java.lang.Object, java.lang.Object, java.lang.Object)'> (0x000000071360a3d8) 
thrown [s\open\src\hotspot\share\interpreter\linkResolver.cpp, line 759]
Event: 0.268 Thread 0x0000022e29527dc0 Exception <a 'java/lang/NoSuchMethodError'{0x00000007136117c0}: 'void java.lang.invoke.DirectMethodHandle$Holder.invokeVirtual(java.lang.Object, java.lang.Object, int)'> (0x00000007136117c0) 
thrown [s\open\src\hotspot\share\interpreter\linkResolver.cpp, line 759]
Event: 0.302 Thread 0x0000022e29527dc0 Exception <a 'java/lang/ClassNotFoundException'{0x00000007137cb0c8}: com/sun/org/apache/xerces/internal/impl/msg/spi/SAXMessagesProvider> (0x00000007137cb0c8) 
thrown [s\open\src\hotspot\share\classfile\systemDictionary.cpp, line 256]

VM Operations (14 events):
Event: 0.078 Executing VM operation: HandshakeAllThreads
Event: 0.078 Executing VM operation: HandshakeAllThreads done
Event: 0.097 Executing VM operation: HandshakeAllThreads
Event: 0.097 Executing VM operation: HandshakeAllThreads done
Event: 0.104 Executing VM operation: RedefineClasses
Event: 0.104 Executing VM operation: RedefineClasses done
Event: 0.297 Executing VM operation: HandshakeAllThreads
Event: 0.297 Executing VM operation: HandshakeAllThreads done
Event: 0.309 Executing VM operation: HandshakeAllThreads
Event: 0.309 Executing VM operation: HandshakeAllThreads done
Event: 0.318 Executing VM operation: HandshakeAllThreads
Event: 0.318 Executing VM operation: HandshakeAllThreads done
Event: 0.325 Executing VM operation: HandshakeAllThreads
Event: 0.325 Executing VM operation: HandshakeAllThreads done

Events (20 events):
Event: 0.329 loading class sun/security/provider/NativePRNG$NonBlocking
Event: 0.329 loading class sun/security/provider/NativePRNG$NonBlocking done
Event: 0.329 loading class java/security/Provider$Service
Event: 0.329 loading class java/security/Provider$Service done
Event: 0.329 loading class java/security/Provider$UString
Event: 0.329 loading class java/security/Provider$UString done
Event: 0.329 loading class sun/security/util/SecurityProviderConstants
Event: 0.329 loading class sun/security/util/SecurityProviderConstants done
Event: 0.329 loading class sun/security/util/KnownOIDs
Event: 0.329 loading class sun/security/util/KnownOIDs done
Event: 0.330 loading class sun/security/util/KnownOIDs$1
Event: 0.330 loading class sun/security/util/KnownOIDs$1 done
Event: 0.330 loading class sun/security/util/KnownOIDs$2
Event: 0.330 loading class sun/security/util/KnownOIDs$2 done
Event: 0.330 loading class sun/security/util/KnownOIDs$3
Event: 0.330 loading class sun/security/util/KnownOIDs$3 done
Event: 0.330 loading class sun/security/util/KnownOIDs$4
Event: 0.330 loading class sun/security/util/KnownOIDs$4 done
Event: 0.330 loading class sun/security/util/KnownOIDs$5
Event: 0.330 loading class sun/security/util/KnownOIDs$5 done


Dynamic libraries:
0x00007ff7a5de0000 - 0x00007ff7a5df0000 	C:\Program Files\Java\jdk-17\bin\java.exe
0x00007ffee6bd0000 - 0x00007ffee6de7000 	C:\Windows\SYSTEM32\ntdll.dll
0x00007ffee4fe0000 - 0x00007ffee50a4000 	C:\Windows\System32\KERNEL32.DLL
0x00007ffee3ea0000 - 0x00007ffee425a000 	C:\Windows\System32\KERNELBASE.dll
0x00007ffee4460000 - 0x00007ffee4571000 	C:\Windows\System32\ucrtbase.dll
0x00007ffed9be0000 - 0x00007ffed9bfb000 	C:\Program Files\Java\jdk-17\bin\VCRUNTIME140.dll
0x00007ffed8eb0000 - 0x00007ffed8ec9000 	C:\Program Files\Java\jdk-17\bin\jli.dll
0x00007ffee48d0000 - 0x00007ffee4982000 	C:\Windows\System32\ADVAPI32.dll
0x00007ffee6ab0000 - 0x00007ffee6b57000 	C:\Windows\System32\msvcrt.dll
0x00007ffee51b0000 - 0x00007ffee5257000 	C:\Windows\System32\sechost.dll
0x00007ffee4260000 - 0x00007ffee4288000 	C:\Windows\System32\bcrypt.dll
0x00007ffee4ab0000 - 0x00007ffee4bc4000 	C:\Windows\System32\RPCRT4.dll
0x00007ffee4e30000 - 0x00007ffee4fde000 	C:\Windows\System32\USER32.dll
0x00007ffee4430000 - 0x00007ffee4456000 	C:\Windows\System32\win32u.dll
0x00007ffee6b60000 - 0x00007ffee6b89000 	C:\Windows\System32\GDI32.dll
0x00007ffed4b60000 - 0x00007ffed4df2000 	C:\Windows\WinSxS\amd64_microsoft.windows.common-controls_6595b64144ccf1df_6.0.22621.4541_none_2710d1c57384c085\COMCTL32.dll
0x00007ffee4310000 - 0x00007ffee442b000 	C:\Windows\System32\gdi32full.dll
0x00007ffee4830000 - 0x00007ffee48ca000 	C:\Windows\System32\msvcp_win.dll
0x00007ffed8bc0000 - 0x00007ffed8bca000 	C:\Windows\SYSTEM32\VERSION.dll
0x00007ffee4990000 - 0x00007ffee49c1000 	C:\Windows\System32\IMM32.DLL
0x00007ffed9fb0000 - 0x00007ffed9fbc000 	C:\Program Files\Java\jdk-17\bin\vcruntime140_1.dll
0x00007ffea3180000 - 0x00007ffea320e000 	C:\Program Files\Java\jdk-17\bin\msvcp140.dll
0x00007ffe53890000 - 0x00007ffe54470000 	C:\Program Files\Java\jdk-17\bin\server\jvm.dll
0x00007ffee4a50000 - 0x00007ffee4a58000 	C:\Windows\System32\PSAPI.DLL
0x00007ffecdd50000 - 0x00007ffecdd59000 	C:\Windows\SYSTEM32\WSOCK32.dll
0x00007ffed9dc0000 - 0x00007ffed9df4000 	C:\Windows\SYSTEM32\WINMM.dll
0x00007ffee6370000 - 0x00007ffee63e1000 	C:\Windows\System32\WS2_32.dll
0x00007ffee2fa0000 - 0x00007ffee2fb8000 	C:\Windows\SYSTEM32\kernel.appcore.dll
0x00007ffecdd20000 - 0x00007ffecdd2a000 	C:\Program Files\Java\jdk-17\bin\jimage.dll
0x00007ffee16a0000 - 0x00007ffee18d2000 	C:\Windows\SYSTEM32\DBGHELP.DLL
0x00007ffee6570000 - 0x00007ffee68ff000 	C:\Windows\System32\combase.dll
0x00007ffee6290000 - 0x00007ffee6367000 	C:\Windows\System32\OLEAUT32.dll
0x00007ffeac210000 - 0x00007ffeac242000 	C:\Windows\SYSTEM32\dbgcore.DLL
0x00007ffee4640000 - 0x00007ffee46bb000 	C:\Windows\System32\bcryptPrimitives.dll
0x00007ffecdd10000 - 0x00007ffecdd1e000 	C:\Program Files\Java\jdk-17\bin\instrument.dll
0x00007ffeb6550000 - 0x00007ffeb6575000 	C:\Program Files\Java\jdk-17\bin\java.dll
0x00007ffeb6530000 - 0x00007ffeb6548000 	C:\Program Files\Java\jdk-17\bin\zip.dll
0x00007ffea30a0000 - 0x00007ffea3177000 	C:\Program Files\Java\jdk-17\bin\jsvml.dll
0x00007ffee52c0000 - 0x00007ffee5b38000 	C:\Windows\System32\SHELL32.dll
0x00007ffee1da0000 - 0x00007ffee26a8000 	C:\Windows\SYSTEM32\windows.storage.dll
0x00007ffee1c60000 - 0x00007ffee1d9f000 	C:\Windows\SYSTEM32\wintypes.dll
0x00007ffee6190000 - 0x00007ffee628a000 	C:\Windows\System32\SHCORE.dll
0x00007ffee5260000 - 0x00007ffee52be000 	C:\Windows\System32\shlwapi.dll
0x00007ffee3dd0000 - 0x00007ffee3dfb000 	C:\Windows\SYSTEM32\profapi.dll
0x00007ffeb4330000 - 0x00007ffeb4349000 	C:\Program Files\Java\jdk-17\bin\net.dll
0x00007ffed9960000 - 0x00007ffed9a96000 	C:\Windows\SYSTEM32\WINHTTP.dll
0x00007ffee3420000 - 0x00007ffee3489000 	C:\Windows\system32\mswsock.dll
0x00007ffeb02e0000 - 0x00007ffeb02f6000 	C:\Program Files\Java\jdk-17\bin\nio.dll
0x00007ffeb02a0000 - 0x00007ffeb02ba000 	C:\Program Files\JetBrains\IntelliJ IDEA Community Edition 2024.3\bin\breakgen64.dll
0x00007ffeb4320000 - 0x00007ffeb4330000 	C:\Program Files\Java\jdk-17\bin\verify.dll
0x00007ffee36b0000 - 0x00007ffee36cb000 	C:\Windows\SYSTEM32\CRYPTSP.dll
0x00007ffee2ef0000 - 0x00007ffee2f25000 	C:\Windows\system32\rsaenh.dll
0x00007ffee3520000 - 0x00007ffee3548000 	C:\Windows\SYSTEM32\USERENV.dll
0x00007ffee36a0000 - 0x00007ffee36ac000 	C:\Windows\SYSTEM32\CRYPTBASE.dll
0x00007ffee2980000 - 0x00007ffee29ad000 	C:\Windows\SYSTEM32\IPHLPAPI.DLL
0x00007ffee6060000 - 0x00007ffee6069000 	C:\Windows\System32\NSI.dll
0x00007ffed9c20000 - 0x00007ffed9c39000 	C:\Windows\SYSTEM32\dhcpcsvc6.DLL
0x00007ffed9c00000 - 0x00007ffed9c1f000 	C:\Windows\SYSTEM32\dhcpcsvc.DLL
0x00007ffee29f0000 - 0x00007ffee2af2000 	C:\Windows\SYSTEM32\DNSAPI.dll

dbghelp: loaded successfully - version: 4.0.5 - missing functions: none
symbol engine: initialized successfully - sym options: 0x614 - pdb path: .;C:\Program Files\Java\jdk-17\bin;C:\Windows\SYSTEM32;C:\Windows\WinSxS\amd64_microsoft.windows.common-controls_6595b64144ccf1df_6.0.22621.4541_none_2710d1c57384c085;C:\Program Files\Java\jdk-17\bin\server;C:\Program Files\JetBrains\IntelliJ IDEA Community Edition 2024.3\bin

VM Arguments:
jvm_args: -ea -Didea.test.cyclic.buffer.size=1048576 -javaagent:C:\Program Files\JetBrains\IntelliJ IDEA Community Edition 2024.3\lib\idea_rt.jar=52749:C:\Program Files\JetBrains\IntelliJ IDEA Community Edition 2024.3\bin -javaagent:C:\Users\risha\AppData\Local\JetBrains\IdeaIC2024.3\captureAgent\debugger-agent.jar -Dkotlinx.coroutines.debug.enable.creation.stack.trace=false -Ddebugger.agent.enable.coroutines=true -Dkotlinx.coroutines.debug.enable.flows.stack.trace=true -Dkotlinx.coroutines.debug.enable.mutable.state.flows.stack.trace=true -Dfile.encoding=UTF-8 
java_command: com.intellij.rt.testng.RemoteTestNGStarter -usedefaultlisteners false -socket52748 @w@C:\Users\risha\AppData\Local\Temp\idea_working_dirs_testng.tmp -temp C:\Users\risha\AppData\Local\Temp\idea_testng.tmp
java_class_path (initial): C:\Program Files\JetBrains\IntelliJ IDEA Community Edition 2024.3\lib\idea_rt.jar;C:\Program Files\JetBrains\IntelliJ IDEA Community Edition 2024.3\plugins\testng\lib\testng-rt.jar;C:\Users\risha\IdeaProjects\browserstack-selenium-test\target\test-classes;C:\Users\risha\IdeaProjects\browserstack-selenium-test\target\classes;C:\Users\risha\.m2\repository\org\seleniumhq\selenium\selenium-java\4.16.1\selenium-java-4.16.1.jar;C:\Users\risha\.m2\repository\org\seleniumhq\selenium\selenium-api\4.16.1\selenium-api-4.16.1.jar;C:\Users\risha\.m2\repository\org\seleniumhq\selenium\selenium-chrome-driver\4.16.1\selenium-chrome-driver-4.16.1.jar;C:\Users\risha\.m2\repository\com\google\auto\service\auto-service-annotations\1.1.1\auto-service-annotations-1.1.1.jar;C:\Users\risha\.m2\repository\org\seleniumhq\selenium\selenium-chromium-driver\4.16.1\selenium-chromium-driver-4.16.1.jar;C:\Users\risha\.m2\repository\org\seleniumhq\selenium\selenium-json\4.16.1\selenium-json-4.16.1.jar;C:\Users\risha\.m2\repository\org\seleniumhq\selenium\selenium-manager\4.16.1\selenium-manager-4.16.1.jar;C:\Users\risha\.m2\repository\org\seleniumhq\selenium\selenium-devtools-v118\4.16.1\selenium-devtools-v118-4.16.1.jar;C:\Users\risha\.m2\repository\org\seleniumhq\selenium\selenium-devtools-v119\4.16.1\selenium-devtools-v119-4.16.1.jar;C:\Users\risha\.m2\repository\org\seleniumhq\selenium\selenium-devtools-v120\4.16.1\selenium-devtools-v120-4.16.1.jar;C:\Users\risha\.m2\repository\org\seleniumhq\selenium\selenium-devtools-v85\4.16.1\selenium-devtools-v85-4.16.1.jar;C:\Users\risha\.m2\repository\org\seleniumhq\selenium\selenium-edge-driver\4.16.1\selenium-edge-driver-4.16.1.jar;C:\Users\risha\.m2\repository\org\seleniumhq\selenium\selenium-firefox-driver\4.16.1\selenium-firefox-driver-4.16.1.jar;C:\Users\risha\.m2\repository\org\seleniumhq\selenium\selenium-http\4.16.1\selenium-http-4.16.1.jar;C:\Users\risha\.m2\repository\dev\failsafe\failsafe\3.3.2\failsafe-3.3.2.jar;
Launcher Type: SUN_STANDARD

[Global flags]
     intx CICompilerCount                          = 12                                        {product} {ergonomic}
     uint ConcGCThreads                            = 3                                         {product} {ergonomic}
     uint G1ConcRefinementThreads                  = 13                                        {product} {ergonomic}
   size_t G1HeapRegionSize                         = 2097152                                   {product} {ergonomic}
    uintx GCDrainStackTargetSize                   = 64                                        {product} {ergonomic}
   size_t InitialHeapSize                          = 264241152                                 {product} {ergonomic}
   size_t MarkStackSize                            = 4194304                                   {product} {ergonomic}
   size_t MaxHeapSize                              = 4217372672                                {product} {ergonomic}
   size_t MaxNewSize                               = 2529165312                                {product} {ergonomic}
   size_t MinHeapDeltaBytes                        = 2097152                                   {product} {ergonomic}
   size_t MinHeapSize                              = 8388608                                   {product} {ergonomic}
    uintx NonNMethodCodeHeapSize                   = 7602480                                {pd product} {ergonomic}
    uintx NonProfiledCodeHeapSize                  = 122027880                              {pd product} {ergonomic}
    uintx ProfiledCodeHeapSize                     = 122027880                              {pd product} {ergonomic}
    uintx ReservedCodeCacheSize                    = 251658240                              {pd product} {ergonomic}
     bool SegmentedCodeCache                       = true                                      {product} {ergonomic}
   size_t SoftMaxHeapSize                          = 4217372672                             {manageable} {ergonomic}
     bool UseCompressedClassPointers               = true                           {product lp64_product} {ergonomic}
     bool UseCompressedOops                        = true                           {product lp64_product} {ergonomic}
     bool UseG1GC                                  = true                                      {product} {ergonomic}
     bool UseLargePagesIndividualAllocation        = false                                  {pd product} {ergonomic}

Logging:
Log output configuration:
 #0: stdout all=warning uptime,level,tags
 #1: stderr all=off uptime,level,tags

Environment Variables:
JAVA_HOME=C:\Program Files\Java\jdk-17
PATH=C:\Program Files\Java\jdk-17\bin;C:\Program Files\Maven\apache-maven-3.9.9\bin;C:\Program Files\Common Files\Oracle\Java\javapath;C:\Windows\system32;C:\Windows;C:\Windows\System32\Wbem;C:\Windows\System32\WindowsPowerShell\v1.0\;C:\Windows\System32\OpenSSH\;C:\Program Files (x86)\NVIDIA Corporation\PhysX\Common;C:\Program Files\NVIDIA Corporation\NVIDIA app\NvDLISR;C:\Program Files\Git\cmd;C:\Users\risha\AppData\Local\Microsoft\WindowsApps;
USERNAME=risha
OS=Windows_NT
PROCESSOR_IDENTIFIER=Intel64 Family 6 Model 186 Stepping 2, GenuineIntel



---------------  S Y S T E M  ---------------

OS:
 Windows 11 , 64 bit Build 22621 (10.0.22621.4391)
OS uptime: 0 days 13:08 hours
Hyper-V role detected

CPU: total 16 (initial active 16) (8 cores per cpu, 2 threads per core) family 6 model 186 stepping 2 microcode 0x4112, cx8, cmov, fxsr, ht, mmx, 3dnowpref, sse, sse2, sse3, ssse3, sse4.1, sse4.2, popcnt, lzcnt, tsc, tscinvbit, avx, avx2, aes, erms, clmul, bmi1, bmi2, adx, sha, fma, vzeroupper, clflush, clflushopt, clwb, hv

Memory: 4k page, system-wide physical 16087M (3638M free)
TotalPageFile size 65239M (AvailPageFile size 4M)
current process WorkingSet (physical memory assigned to process): 79M, peak: 79M
current process commit charge ("private bytes"): 375M, peak: 375M

vm_info: Java HotSpot(TM) 64-Bit Server VM (17.0.12+8-LTS-286) for windows-amd64 JRE (17.0.12+8-LTS-286), built on Jun  5 2024 06:46:59 by "mach5one" with MS VC++ 17.6 (VS2022)

END.
