#
# There is insufficient memory for the Java Runtime Environment to continue.
# Native memory allocation (mmap) failed to map 264241152 bytes for G1 virtual space
# Possible reasons:
#   The system is out of physical RAM or swap space
#   The process is running with CompressedOops enabled, and the Java Heap may be blocking the growth of the native heap
# Possible solutions:
#   Reduce memory load on the system
#   Increase physical memory or swap space
#   Check if swap backing store is full
#   Decrease Java heap size (-Xmx/-Xms)
#   Decrease number of Java threads
#   Decrease Java thread stack sizes (-Xss)
#   Set larger code cache with -XX:ReservedCodeCacheSize=
#   JVM is running with Zero Based Compressed Oops mode in which the Java heap is
#     placed in the first 32GB address space. The Java Heap base address is the
#     maximum limit for the native heap growth. Please use -XX:HeapBaseMinAddress
#     to set the Java Heap base and to place the Java Heap above 32GB virtual address.
# This output file may be truncated or incomplete.
#
#  Out of Memory Error (os_windows.cpp:3548), pid=38824, tid=14552
#
# JRE version:  (17.0.12+8) (build )
# Java VM: Java HotSpot(TM) 64-Bit Server VM (17.0.12+8-LTS-286, mixed mode, sharing, tiered, compressed oops, compressed class ptrs, g1 gc, windows-amd64)
# No core dump will be written. Minidumps are not enabled by default on client versions of Windows
#

---------------  S U M M A R Y ------------

Command Line: -ea -Didea.test.cyclic.buffer.size=1048576 -javaagent:C:\Program Files\JetBrains\IntelliJ IDEA Community Edition 2024.3\lib\idea_rt.jar=53337:C:\Program Files\JetBrains\IntelliJ IDEA Community Edition 2024.3\bin -javaagent:C:\Users\risha\AppData\Local\JetBrains\IdeaIC2024.3\captureAgent\debugger-agent.jar -Dkotlinx.coroutines.debug.enable.creation.stack.trace=false -Ddebugger.agent.enable.coroutines=true -Dkotlinx.coroutines.debug.enable.flows.stack.trace=true -Dkotlinx.coroutines.debug.enable.mutable.state.flows.stack.trace=true -Dfile.encoding=UTF-8 com.intellij.rt.testng.RemoteTestNGStarter -usedefaultlisteners false -socket53336 @w@C:\Users\risha\AppData\Local\Temp\idea_working_dirs_testng.tmp -temp C:\Users\risha\AppData\Local\Temp\idea_testng.tmp

Host: 13th Gen Intel(R) Core(TM) i7-13620H, 16 cores, 15G,  Windows 11 , 64 bit Build 22621 (10.0.22621.4391)
Time: Sun Dec 29 23:17:56 2024 India Standard Time elapsed time: 0.011888 seconds (0d 0h 0m 0s)

---------------  T H R E A D  ---------------

Current thread (0x0000020f1a0c93b0):  JavaThread "Unknown thread" [_thread_in_vm, id=14552, stack(0x00000067d7300000,0x00000067d7400000)]

Stack: [0x00000067d7300000,0x00000067d7400000]
Native frames: (J=compiled Java code, j=interpreted, Vv=VM code, C=native code)
V  [jvm.dll+0x67a04a]
V  [jvm.dll+0x7da4ed]
V  [jvm.dll+0x7dbe33]
V  [jvm.dll+0x7dc4a3]
V  [jvm.dll+0x24508f]
V  [jvm.dll+0x677089]
V  [jvm.dll+0x66bd32]
V  [jvm.dll+0x301fa6]
V  [jvm.dll+0x309546]
V  [jvm.dll+0x359d2e]
V  [jvm.dll+0x359f5f]
V  [jvm.dll+0x2d9078]
V  [jvm.dll+0x2d9fe4]
V  [jvm.dll+0x7aca21]
V  [jvm.dll+0x367591]
V  [jvm.dll+0x78b999]
V  [jvm.dll+0x3ec83f]
V  [jvm.dll+0x3ee471]
C  [jli.dll+0x5297]
C  [ucrtbase.dll+0x29333]
C  [KERNEL32.DLL+0x1259d]
C  [ntdll.dll+0x5af38]


---------------  P R O C E S S  ---------------

Threads class SMR info:
_java_thread_list=0x00007ffe46657a18, length=0, elements={
}

Java Threads: ( => current thread )

Other Threads:
  0x0000020f1a134450 GCTaskThread "GC Thread#0" [stack: 0x00000067d7400000,0x00000067d7500000] [id=28188]
  0x0000020f1a146d20 ConcurrentGCThread "G1 Main Marker" [stack: 0x00000067d7500000,0x00000067d7600000] [id=28556]
  0x0000020f1a148650 ConcurrentGCThread "G1 Conc#0" [stack: 0x00000067d7600000,0x00000067d7700000] [id=20980]

[error occurred during error reporting (printing all threads), id 0xc0000005, EXCEPTION_ACCESS_VIOLATION (0xc0000005) at pc=0x00007ffe45e89b67]

VM state: not at safepoint (not fully initialized)

VM Mutex/Monitor currently owned by a thread:  ([mutex/lock_event])
[0x0000020f1a0c5870] Heap_lock - owner thread: 0x0000020f1a0c93b0

Heap address: 0x0000000704a00000, size: 4022 MB, Compressed Oops mode: Zero based, Oop shift amount: 3

CDS archive(s) mapped at: [0x0000000000000000-0x0000000000000000-0x0000000000000000), size 0, SharedBaseAddress: 0x0000000800000000, ArchiveRelocationMode: 1.
Narrow klass base: 0x0000000000000000, Narrow klass shift: 0, Narrow klass range: 0x0

GC Precious Log:
<Empty>

Heap:
 garbage-first heap   total 0K, used 0K [0x0000000704a00000, 0x0000000800000000)
  region size 2048K, 0 young (0K), 0 survivors (0K)

[error occurred during error reporting (printing heap information), id 0xc0000005, EXCEPTION_ACCESS_VIOLATION (0xc0000005) at pc=0x00007ffe46273859]

GC Heap History (0 events):
No events

Deoptimization events (0 events):
No events

Classes unloaded (0 events):
No events

Classes redefined (0 events):
No events

Internal exceptions (0 events):
No events

VM Operations (0 events):
No events

Events (2 events):
Event: 0.007 Loaded shared library C:\Program Files\Java\jdk-17\bin\java.dll
Event: 0.008 Loaded shared library C:\Program Files\Java\jdk-17\bin\zip.dll


Dynamic libraries:
0x00007ff7a5de0000 - 0x00007ff7a5df0000 	C:\Program Files\Java\jdk-17\bin\java.exe
0x00007ffee6bd0000 - 0x00007ffee6de7000 	C:\Windows\SYSTEM32\ntdll.dll
0x00007ffee4fe0000 - 0x00007ffee50a4000 	C:\Windows\System32\KERNEL32.DLL
0x00007ffee3ea0000 - 0x00007ffee425a000 	C:\Windows\System32\KERNELBASE.dll
0x00007ffee4460000 - 0x00007ffee4571000 	C:\Windows\System32\ucrtbase.dll
0x00007ffecdd10000 - 0x00007ffecdd2b000 	C:\Program Files\Java\jdk-17\bin\VCRUNTIME140.dll
0x00007ffeb02e0000 - 0x00007ffeb02f9000 	C:\Program Files\Java\jdk-17\bin\jli.dll
0x00007ffee48d0000 - 0x00007ffee4982000 	C:\Windows\System32\ADVAPI32.dll
0x00007ffee6ab0000 - 0x00007ffee6b57000 	C:\Windows\System32\msvcrt.dll
0x00007ffee51b0000 - 0x00007ffee5257000 	C:\Windows\System32\sechost.dll
0x00007ffee4260000 - 0x00007ffee4288000 	C:\Windows\System32\bcrypt.dll
0x00007ffee4ab0000 - 0x00007ffee4bc4000 	C:\Windows\System32\RPCRT4.dll
0x00007ffee4e30000 - 0x00007ffee4fde000 	C:\Windows\System32\USER32.dll
0x00007ffee4430000 - 0x00007ffee4456000 	C:\Windows\System32\win32u.dll
0x00007ffee6b60000 - 0x00007ffee6b89000 	C:\Windows\System32\GDI32.dll
0x00007ffee4310000 - 0x00007ffee442b000 	C:\Windows\System32\gdi32full.dll
0x00007ffed4b60000 - 0x00007ffed4df2000 	C:\Windows\WinSxS\amd64_microsoft.windows.common-controls_6595b64144ccf1df_6.0.22621.4541_none_2710d1c57384c085\COMCTL32.dll
0x00007ffee4830000 - 0x00007ffee48ca000 	C:\Windows\System32\msvcp_win.dll
0x00007ffed8bc0000 - 0x00007ffed8bca000 	C:\Windows\SYSTEM32\VERSION.dll
0x00007ffee4990000 - 0x00007ffee49c1000 	C:\Windows\System32\IMM32.DLL
0x00007ffecd5b0000 - 0x00007ffecd5bc000 	C:\Program Files\Java\jdk-17\bin\vcruntime140_1.dll
0x00007ffea2e40000 - 0x00007ffea2ece000 	C:\Program Files\Java\jdk-17\bin\msvcp140.dll
0x00007ffe45ba0000 - 0x00007ffe46780000 	C:\Program Files\Java\jdk-17\bin\server\jvm.dll
0x00007ffee4a50000 - 0x00007ffee4a58000 	C:\Windows\System32\PSAPI.DLL
0x00007ffed9dc0000 - 0x00007ffed9df4000 	C:\Windows\SYSTEM32\WINMM.dll
0x00007ffeb4070000 - 0x00007ffeb4079000 	C:\Windows\SYSTEM32\WSOCK32.dll
0x00007ffee6370000 - 0x00007ffee63e1000 	C:\Windows\System32\WS2_32.dll
0x00007ffee2fa0000 - 0x00007ffee2fb8000 	C:\Windows\SYSTEM32\kernel.appcore.dll
0x00007ffeb02b0000 - 0x00007ffeb02ba000 	C:\Program Files\Java\jdk-17\bin\jimage.dll
0x00007ffee16a0000 - 0x00007ffee18d2000 	C:\Windows\SYSTEM32\DBGHELP.DLL
0x00007ffee6570000 - 0x00007ffee68ff000 	C:\Windows\System32\combase.dll
0x00007ffee6290000 - 0x00007ffee6367000 	C:\Windows\System32\OLEAUT32.dll
0x00007ffeac210000 - 0x00007ffeac242000 	C:\Windows\SYSTEM32\dbgcore.DLL
0x00007ffee4640000 - 0x00007ffee46bb000 	C:\Windows\System32\bcryptPrimitives.dll
0x00007ffeab840000 - 0x00007ffeab84e000 	C:\Program Files\Java\jdk-17\bin\instrument.dll
0x00007ffea7ee0000 - 0x00007ffea7f05000 	C:\Program Files\Java\jdk-17\bin\java.dll
0x00007ffea2f10000 - 0x00007ffea2f28000 	C:\Program Files\Java\jdk-17\bin\zip.dll

dbghelp: loaded successfully - version: 4.0.5 - missing functions: none
symbol engine: initialized successfully - sym options: 0x614 - pdb path: .;C:\Program Files\Java\jdk-17\bin;C:\Windows\SYSTEM32;C:\Windows\WinSxS\amd64_microsoft.windows.common-controls_6595b64144ccf1df_6.0.22621.4541_none_2710d1c57384c085;C:\Program Files\Java\jdk-17\bin\server

VM Arguments:
jvm_args: -ea -Didea.test.cyclic.buffer.size=1048576 -javaagent:C:\Program Files\JetBrains\IntelliJ IDEA Community Edition 2024.3\lib\idea_rt.jar=53337:C:\Program Files\JetBrains\IntelliJ IDEA Community Edition 2024.3\bin -javaagent:C:\Users\risha\AppData\Local\JetBrains\IdeaIC2024.3\captureAgent\debugger-agent.jar -Dkotlinx.coroutines.debug.enable.creation.stack.trace=false -Ddebugger.agent.enable.coroutines=true -Dkotlinx.coroutines.debug.enable.flows.stack.trace=true -Dkotlinx.coroutines.debug.enable.mutable.state.flows.stack.trace=true -Dfile.encoding=UTF-8 
java_command: com.intellij.rt.testng.RemoteTestNGStarter -usedefaultlisteners false -socket53336 @w@C:\Users\risha\AppData\Local\Temp\idea_working_dirs_testng.tmp -temp C:\Users\risha\AppData\Local\Temp\idea_testng.tmp
java_class_path (initial): C:\Program Files\JetBrains\IntelliJ IDEA Community Edition 2024.3\lib\idea_rt.jar;C:\Program Files\JetBrains\IntelliJ IDEA Community Edition 2024.3\plugins\testng\lib\testng-rt.jar;C:\Users\risha\IdeaProjects\browserstack-selenium-test\target\test-classes;C:\Users\risha\IdeaProjects\browserstack-selenium-test\target\classes;C:\Users\risha\.m2\repository\org\seleniumhq\selenium\selenium-java\4.16.1\selenium-java-4.16.1.jar;C:\Users\risha\.m2\repository\org\seleniumhq\selenium\selenium-api\4.16.1\selenium-api-4.16.1.jar;C:\Users\risha\.m2\repository\org\seleniumhq\selenium\selenium-chrome-driver\4.16.1\selenium-chrome-driver-4.16.1.jar;C:\Users\risha\.m2\repository\com\google\auto\service\auto-service-annotations\1.1.1\auto-service-annotations-1.1.1.jar;C:\Users\risha\.m2\repository\org\seleniumhq\selenium\selenium-chromium-driver\4.16.1\selenium-chromium-driver-4.16.1.jar;C:\Users\risha\.m2\repository\org\seleniumhq\selenium\selenium-json\4.16.1\selenium-json-4.16.1.jar;C:\Users\risha\.m2\repository\org\seleniumhq\selenium\selenium-manager\4.16.1\selenium-manager-4.16.1.jar;C:\Users\risha\.m2\repository\org\seleniumhq\selenium\selenium-devtools-v118\4.16.1\selenium-devtools-v118-4.16.1.jar;C:\Users\risha\.m2\repository\org\seleniumhq\selenium\selenium-devtools-v119\4.16.1\selenium-devtools-v119-4.16.1.jar;C:\Users\risha\.m2\repository\org\seleniumhq\selenium\selenium-devtools-v120\4.16.1\selenium-devtools-v120-4.16.1.jar;C:\Users\risha\.m2\repository\org\seleniumhq\selenium\selenium-devtools-v85\4.16.1\selenium-devtools-v85-4.16.1.jar;C:\Users\risha\.m2\repository\org\seleniumhq\selenium\selenium-edge-driver\4.16.1\selenium-edge-driver-4.16.1.jar;C:\Users\risha\.m2\repository\org\seleniumhq\selenium\selenium-firefox-driver\4.16.1\selenium-firefox-driver-4.16.1.jar;C:\Users\risha\.m2\repository\org\seleniumhq\selenium\selenium-http\4.16.1\selenium-http-4.16.1.jar;C:\Users\risha\.m2\repository\dev\failsafe\failsafe\3.3.2\failsafe-3.3.2.jar;
Launcher Type: SUN_STANDARD

[Global flags]
     intx CICompilerCount                          = 12                                        {product} {ergonomic}
     uint ConcGCThreads                            = 3                                         {product} {ergonomic}
     uint G1ConcRefinementThreads                  = 13                                        {product} {ergonomic}
   size_t G1HeapRegionSize                         = 2097152                                   {product} {ergonomic}
    uintx GCDrainStackTargetSize                   = 64                                        {product} {ergonomic}
   size_t InitialHeapSize                          = 264241152                                 {product} {ergonomic}
   size_t MarkStackSize                            = 4194304                                   {product} {ergonomic}
   size_t MaxHeapSize                              = 4217372672                                {product} {ergonomic}
   size_t MinHeapDeltaBytes                        = 2097152                                   {product} {ergonomic}
   size_t MinHeapSize                              = 8388608                                   {product} {ergonomic}
    uintx NonNMethodCodeHeapSize                   = 7602480                                {pd product} {ergonomic}
    uintx NonProfiledCodeHeapSize                  = 122027880                              {pd product} {ergonomic}
    uintx ProfiledCodeHeapSize                     = 122027880                              {pd product} {ergonomic}
    uintx ReservedCodeCacheSize                    = 251658240                              {pd product} {ergonomic}
     bool SegmentedCodeCache                       = true                                      {product} {ergonomic}
   size_t SoftMaxHeapSize                          = 4217372672                             {manageable} {ergonomic}
     bool UseCompressedClassPointers               = true                           {product lp64_product} {ergonomic}
     bool UseCompressedOops                        = true                           {product lp64_product} {ergonomic}
     bool UseG1GC                                  = true                                      {product} {ergonomic}
     bool UseLargePagesIndividualAllocation        = false                                  {pd product} {ergonomic}

Logging:
Log output configuration:
 #0: stdout all=warning uptime,level,tags
 #1: stderr all=off uptime,level,tags

Environment Variables:
JAVA_HOME=C:\Program Files\Java\jdk-17
PATH=C:\Program Files\Java\jdk-17\bin;C:\Program Files\Maven\apache-maven-3.9.9\bin;C:\Program Files\Common Files\Oracle\Java\javapath;C:\Windows\system32;C:\Windows;C:\Windows\System32\Wbem;C:\Windows\System32\WindowsPowerShell\v1.0\;C:\Windows\System32\OpenSSH\;C:\Program Files (x86)\NVIDIA Corporation\PhysX\Common;C:\Program Files\NVIDIA Corporation\NVIDIA app\NvDLISR;C:\Program Files\Git\cmd;C:\Users\risha\AppData\Local\Microsoft\WindowsApps;
USERNAME=risha
OS=Windows_NT
PROCESSOR_IDENTIFIER=Intel64 Family 6 Model 186 Stepping 2, GenuineIntel



---------------  S Y S T E M  ---------------

OS:
 Windows 11 , 64 bit Build 22621 (10.0.22621.4391)
OS uptime: 0 days 13:14 hours
Hyper-V role detected

CPU: total 16 (initial active 16) (8 cores per cpu, 2 threads per core) family 6 model 186 stepping 2 microcode 0x4112, cx8, cmov, fxsr, ht, mmx, 3dnowpref, sse, sse2, sse3, ssse3, sse4.1, sse4.2, popcnt, lzcnt, tsc, tscinvbit, avx, avx2, aes, erms, clmul, bmi1, bmi2, adx, sha, fma, vzeroupper, clflush, clflushopt, clwb, hv

Memory: 4k page, system-wide physical 16087M (3725M free)
TotalPageFile size 65239M (AvailPageFile size 238M)
current process WorkingSet (physical memory assigned to process): 11M, peak: 11M
current process commit charge ("private bytes"): 71M, peak: 323M

vm_info: Java HotSpot(TM) 64-Bit Server VM (17.0.12+8-LTS-286) for windows-amd64 JRE (17.0.12+8-LTS-286), built on Jun  5 2024 06:46:59 by "mach5one" with MS VC++ 17.6 (VS2022)

END.
